2024-10-24 17:50:00,772 - INFO - Logging setup complete.
2024-10-24 17:50:00,782 - INFO - Starting the training process...
2024-10-24 17:50:00,782 - INFO - Starting data processing...
2024-10-24 17:50:00,960 - INFO - Data processed and saved to /home/ayoub/Desktop/churn_prediction/scripts/../data/processed/churn_processed.csv.
2024-10-24 17:50:00,975 - INFO - Starting model training...
2024-10-24 17:50:00,975 - INFO - Starting Bayesian search for the best model...
2024-10-24 17:50:15,871 - INFO - Training the best model...
2024-10-24 17:50:16,217 - INFO - Predicting on the test data...
2024-10-24 17:50:16,292 - INFO - Evaluating the model...
2024-10-24 17:50:16,308 - INFO - Writing evaluation results to /home/ayoub/Desktop/churn_prediction/scripts/../results/evaluation_results/evaluation.txt...
2024-10-24 17:50:16,350 - INFO - Plotting metrics and saving to /home/ayoub/Desktop/churn_prediction/scripts/../results/evaluation_results...
2024-10-24 17:50:18,905 - INFO - Saving the trained model to /home/ayoub/Desktop/churn_prediction/scripts/../results/pretrained_models/trained_model.joblib...
2024-10-24 17:50:18,968 - INFO - Training pipeline completed successfully.
2024-10-24 17:50:18,968 - INFO - Model training complete and saved.
2024-10-24 17:50:18,969 - INFO - Training process completed.
2024-10-24 17:50:18,969 - INFO - Starting the inference process...
2024-10-24 17:50:18,985 - INFO - Loading model from /home/ayoub/Desktop/churn_prediction/scripts/../results/pretrained_models/trained_model.joblib...
2024-10-24 17:50:19,108 - INFO - Loading scaler from /home/ayoub/Desktop/churn_prediction/scripts/../scripts/scaler.pkl...
2024-10-24 17:50:19,109 - INFO - Loading inference data from /home/ayoub/Desktop/churn_prediction/scripts/../data/inference/churn_inference.csv...
2024-10-24 17:50:19,132 - INFO - Cleaning and preparing the data for inference...
2024-10-24 17:50:19,148 - INFO - Scaling numerical columns: ['TotalCharges']...
2024-10-24 17:50:19,153 - INFO - Making predictions...
2024-10-24 17:50:19,200 - INFO - Inference completed successfully.
2024-10-24 17:50:19,201 - INFO - Inference result: (array([1, 0, 0, 0, 1, 0, 1, 0, 0, 0]), array([0.52821013, 0.4743961 , 0.43596019, 0.48050156, 0.51129927,
       0.42195461, 0.50920687, 0.48770019, 0.45355476, 0.48342027]))
2024-10-24 17:50:19,201 - INFO - Inference process completed.
2024-10-24 20:16:43,575 - INFO - Logging setup complete.
2024-10-24 20:16:43,576 - INFO - Starting the training process...
2024-10-24 20:16:43,576 - INFO - Starting data processing...
2024-10-24 20:16:43,797 - INFO - Data processed and saved to /home/ayoub/Desktop/churn_prediction/scripts/../data/processed/churn_processed.csv.
2024-10-24 20:16:43,825 - INFO - Starting model training...
2024-10-24 20:16:43,826 - INFO - Starting Bayesian search for the best model...
2024-10-24 20:16:59,995 - INFO - Training the best model...
2024-10-24 20:17:00,341 - INFO - Predicting on the test data...
2024-10-24 20:17:00,419 - INFO - Evaluating the model...
2024-10-24 20:17:00,483 - INFO - Writing evaluation results to /home/ayoub/Desktop/churn_prediction/scripts/../results/evaluation_results/evaluation.txt...
2024-10-24 20:17:00,530 - INFO - Plotting metrics and saving to /home/ayoub/Desktop/churn_prediction/scripts/../results/evaluation_results...
2024-10-24 20:17:04,655 - INFO - Saving the trained model to /home/ayoub/Desktop/churn_prediction/scripts/../results/pretrained_models/trained_model.joblib...
2024-10-24 20:17:04,732 - INFO - Training pipeline completed successfully.
2024-10-24 20:17:04,732 - INFO - Model training complete and saved.
2024-10-24 20:17:04,732 - INFO - Training process completed.
2024-10-24 20:17:04,732 - INFO - Starting the inference process...
2024-10-24 20:17:04,746 - INFO - Loading model from /home/ayoub/Desktop/churn_prediction/scripts/../results/pretrained_models/trained_model.joblib...
2024-10-24 20:17:04,834 - INFO - Loading scaler from /home/ayoub/Desktop/churn_prediction/scripts/../results/scaler.pkl...
2024-10-24 20:17:04,836 - INFO - Loading inference data from /home/ayoub/Desktop/churn_prediction/scripts/../data/inference/churn_inference.csv...
2024-10-24 20:17:04,838 - INFO - Cleaning and preparing the data for inference...
2024-10-24 20:17:04,856 - INFO - Scaling numerical columns: ['TotalCharges']...
2024-10-24 20:17:04,858 - INFO - Making predictions...
2024-10-24 20:17:04,906 - INFO - Inference completed successfully.
2024-10-24 20:17:04,907 - INFO - Inference result: (array([1, 0, 0, 0, 1, 0, 1, 0, 0, 0]), array([0.52821013, 0.4743961 , 0.43596019, 0.48050156, 0.51129927,
       0.42195461, 0.50920687, 0.48770019, 0.45355476, 0.48342027]))
2024-10-24 20:17:04,907 - INFO - Inference process completed.
2024-10-31 20:16:08,108 - INFO - Logging setup complete.
2024-10-31 20:16:52,754 - INFO - Logging setup complete.
2024-10-31 20:16:52,754 - INFO - Starting the training process...
2024-10-31 20:16:52,754 - INFO - Starting data processing...
2024-10-31 20:16:52,917 - INFO - Data processed and saved to /home/ayoub/Desktop/churn_prediction/data/processed/churn_processed.csv.
2024-10-31 20:16:52,956 - INFO - Starting model training...
2024-10-31 20:16:52,957 - INFO - Starting Bayesian search for the best model...
2024-10-31 20:17:17,169 - INFO - Training the best model...
2024-10-31 20:17:17,523 - INFO - Predicting on the test data...
2024-10-31 20:17:17,613 - INFO - Evaluating the model...
2024-10-31 20:17:17,697 - INFO - Writing evaluation results to /home/ayoub/Desktop/churn_prediction/results/evaluation_results...
2024-10-31 20:17:17,796 - INFO - Plotting metrics and saving to /home/ayoub/Desktop/churn_prediction/results/evaluation_results...
2024-10-31 20:17:23,067 - INFO - Saving the trained model to /home/ayoub/Desktop/churn_prediction/results/pretrained_models/trained_model.joblib...
2024-10-31 20:17:23,150 - INFO - Training pipeline completed successfully.
2024-10-31 20:17:23,150 - INFO - Model training complete and saved.
2024-10-31 20:17:23,151 - INFO - Training process completed.
2024-10-31 20:17:23,151 - INFO - Starting the inference process...
2024-10-31 20:17:23,170 - INFO - Loading model from /home/ayoub/Desktop/churn_prediction/results/pretrained_models/trained_model.joblib...
2024-10-31 20:17:23,347 - INFO - Loading scaler from /home/ayoub/Desktop/churn_prediction/results/scaler.pkl...
2024-10-31 20:17:23,356 - INFO - Loading inference data from /home/ayoub/Desktop/churn_prediction/data/inference/churn_inference.csv...
2024-10-31 20:17:23,431 - INFO - Cleaning and preparing the data for inference...
2024-10-31 20:17:23,741 - INFO - Scaling numerical columns: ['TotalCharges']...
2024-10-31 20:17:23,744 - INFO - Making predictions...
2024-10-31 20:17:23,871 - INFO - Inference completed successfully.
2024-10-31 20:17:23,873 - INFO - Inference result: (array([1, 0, 0, 0, 1, 0, 1, 0, 0, 0]), array([0.52821013, 0.4743961 , 0.43596019, 0.48050156, 0.51129927,
       0.42195461, 0.50920687, 0.48770019, 0.45355476, 0.48342027]))
2024-10-31 20:17:23,873 - INFO - Inference process completed.
2024-11-02 11:47:51,577 - INFO - Logging setup complete.
2024-11-02 11:47:51,578 - INFO - Starting the training process...
2024-11-02 11:47:51,578 - INFO - Starting data processing...
2024-11-02 11:47:52,344 - INFO - Data processed and saved to /home/ayoub/Desktop/churn_prediction/data/processed/churn_processed.csv.
2024-11-02 11:47:52,378 - INFO - Starting model training...
2024-11-02 11:47:52,378 - INFO - Starting Bayesian search for the best model...
2024-11-02 11:48:07,643 - INFO - Training the best model...
2024-11-02 11:48:08,002 - INFO - Predicting on the test data...
2024-11-02 11:48:08,081 - INFO - Evaluating the model...
2024-11-02 11:48:08,162 - INFO - Writing evaluation results to /home/ayoub/Desktop/churn_prediction/results/evaluation_results...
2024-11-02 11:48:08,250 - INFO - Plotting metrics and saving to /home/ayoub/Desktop/churn_prediction/results/evaluation_results...
2024-11-02 11:48:10,786 - INFO - Saving the trained model to /home/ayoub/Desktop/churn_prediction/results/pretrained_models/trained_model.joblib...
2024-11-02 11:48:10,853 - INFO - Training pipeline completed successfully.
2024-11-02 11:48:10,854 - INFO - Model training complete and saved.
2024-11-02 11:48:10,854 - INFO - Training process completed.
2024-11-02 11:48:10,854 - INFO - Starting the inference process...
2024-11-02 11:48:10,854 - INFO - Loading model from /home/ayoub/Desktop/churn_prediction/results/pretrained_models/trained_model.joblib...
2024-11-02 11:48:10,917 - INFO - Loading scaler from /home/ayoub/Desktop/churn_prediction/results/scaler.pkl...
2024-11-02 11:48:10,918 - INFO - Loading inference data from /home/ayoub/Desktop/churn_prediction/data/inference/churn_inference.csv...
2024-11-02 11:48:10,939 - INFO - Cleaning and preparing the data for inference...
2024-11-02 11:48:10,963 - INFO - Scaling numerical columns: ['TotalCharges']...
2024-11-02 11:48:10,966 - INFO - Making predictions...
2024-11-02 11:48:11,017 - INFO - Inference completed successfully.
2024-11-02 11:48:11,019 - INFO - Inference result: (array([1, 0, 0, 0, 1, 0, 1, 0, 0, 0]), array([0.52821013, 0.4743961 , 0.43596019, 0.48050156, 0.51129927,
       0.42195461, 0.50920687, 0.48770019, 0.45355476, 0.48342027]))
2024-11-02 11:48:11,020 - INFO - Inference process completed.
2024-11-02 12:43:38,780 - INFO - Logging setup complete.
2024-11-02 12:43:38,790 - INFO - Starting the training process...
2024-11-02 12:43:38,790 - INFO - Starting data processing...
2024-11-02 12:43:39,261 - INFO - Data processed and saved to /home/ayoub/Desktop/churn_prediction/data/processed/churn_processed.csv.
2024-11-02 12:43:39,326 - INFO - Starting model training...
2024-11-02 12:43:39,326 - INFO - Starting Bayesian search for the best model...
2024-11-02 12:44:50,051 - INFO - Training the best model...
2024-11-02 12:44:51,804 - INFO - Predicting on the test data...
2024-11-02 12:44:52,126 - INFO - Evaluating the model...
2024-11-02 12:44:52,230 - INFO - Writing evaluation results to /home/ayoub/Desktop/churn_prediction/results/evaluation_results...
2024-11-02 12:44:52,275 - INFO - Plotting metrics and saving to /home/ayoub/Desktop/churn_prediction/results/evaluation_results...
2024-11-02 12:44:58,134 - INFO - Saving the trained model to /home/ayoub/Desktop/churn_prediction/results/pretrained_models/trained_model.joblib...
2024-11-02 12:44:58,491 - INFO - Training pipeline completed successfully.
2024-11-02 12:44:58,491 - INFO - Model training complete and saved.
2024-11-02 12:44:58,492 - INFO - Training process completed.
2024-11-02 12:44:58,492 - INFO - Starting the inference process...
2024-11-02 12:44:58,492 - INFO - Loading model from /home/ayoub/Desktop/churn_prediction/results/pretrained_models/trained_model.joblib...
2024-11-02 12:44:58,805 - INFO - Loading scaler from /home/ayoub/Desktop/churn_prediction/results/scaler.pkl...
2024-11-02 12:44:58,823 - INFO - Loading inference data from /home/ayoub/Desktop/churn_prediction/data/inference/churn_inference.csv...
2024-11-02 12:44:58,844 - INFO - Cleaning and preparing the data for inference...
2024-11-02 12:44:58,912 - ERROR - An error occurred during inference: "['Churn'] not in index"
2024-11-02 12:44:58,913 - INFO - Inference result: (None, None)
2024-11-02 12:44:58,913 - INFO - Inference process completed.
2024-11-02 12:55:11,318 - INFO - Logging setup complete.
2024-11-02 12:55:11,319 - INFO - Starting the training process...
2024-11-02 12:55:11,319 - INFO - Starting data processing...
2024-11-02 12:55:11,529 - INFO - Data processed and saved to /home/ayoub/Desktop/churn_prediction/data/processed/churn_processed.csv.
2024-11-02 12:55:11,573 - INFO - Starting model training...
2024-11-02 12:55:11,574 - INFO - Starting Bayesian search for the best model...
2024-11-02 12:55:20,999 - INFO - Training the best model...
2024-11-02 12:55:21,391 - INFO - Predicting on the test data...
2024-11-02 12:55:21,469 - INFO - Evaluating the model...
2024-11-02 12:55:21,568 - INFO - Writing evaluation results to /home/ayoub/Desktop/churn_prediction/results/evaluation_results...
2024-11-02 12:55:21,634 - INFO - Plotting metrics and saving to /home/ayoub/Desktop/churn_prediction/results/evaluation_results...
2024-11-02 12:55:28,483 - INFO - Saving the trained model to /home/ayoub/Desktop/churn_prediction/results/pretrained_models/trained_model.joblib...
2024-11-02 12:55:28,554 - INFO - Training pipeline completed successfully.
2024-11-02 12:55:28,555 - INFO - Model training complete and saved.
2024-11-02 12:55:28,555 - INFO - Training process completed.
2024-11-02 12:55:28,555 - INFO - Starting the inference process...
2024-11-02 12:55:28,577 - INFO - Loading model from /home/ayoub/Desktop/churn_prediction/results/pretrained_models/trained_model.joblib...
2024-11-02 12:55:28,714 - INFO - Loading scaler from /home/ayoub/Desktop/churn_prediction/results/scaler.pkl...
2024-11-02 12:55:28,721 - INFO - Loading inference data from /home/ayoub/Desktop/churn_prediction/data/inference/churn_inference.csv...
2024-11-02 12:55:28,746 - INFO - Cleaning and preparing the data for inference...
2024-11-02 12:55:28,825 - ERROR - An error occurred during inference: "['Churn'] not in index"
2024-11-02 12:55:28,826 - INFO - Inference result: (None, None)
2024-11-02 12:55:28,826 - INFO - Inference process completed.
2024-11-02 12:59:11,761 - INFO - Logging setup complete.
2024-11-02 12:59:11,761 - INFO - Starting the training process...
2024-11-02 12:59:11,761 - INFO - Starting data processing...
2024-11-02 12:59:11,924 - INFO - Data processed and saved to /home/ayoub/Desktop/churn_prediction/data/processed/churn_processed.csv.
2024-11-02 12:59:11,952 - INFO - Starting model training...
2024-11-02 12:59:11,952 - INFO - Starting Bayesian search for the best model...
2024-11-02 12:59:17,637 - INFO - Training the best model...
2024-11-02 12:59:17,991 - INFO - Predicting on the test data...
2024-11-02 12:59:18,069 - INFO - Evaluating the model...
2024-11-02 12:59:18,089 - INFO - Writing evaluation results to /home/ayoub/Desktop/churn_prediction/results/evaluation_results...
2024-11-02 12:59:18,149 - INFO - Plotting metrics and saving to /home/ayoub/Desktop/churn_prediction/results/evaluation_results...
2024-11-02 12:59:20,627 - INFO - Saving the trained model to /home/ayoub/Desktop/churn_prediction/results/pretrained_models/trained_model.joblib...
2024-11-02 12:59:20,782 - INFO - Training pipeline completed successfully.
2024-11-02 12:59:20,782 - INFO - Model training complete and saved.
2024-11-02 12:59:20,782 - INFO - Training process completed.
2024-11-02 12:59:20,782 - INFO - Starting the inference process...
2024-11-02 12:59:20,803 - INFO - Loading model from /home/ayoub/Desktop/churn_prediction/results/pretrained_models/trained_model.joblib...
2024-11-02 12:59:21,064 - INFO - Loading scaler from /home/ayoub/Desktop/churn_prediction/results/scaler.pkl...
2024-11-02 12:59:21,085 - INFO - Loading inference data from /home/ayoub/Desktop/churn_prediction/data/inference/churn_inference.csv...
2024-11-02 12:59:21,122 - INFO - Cleaning and preparing the data for inference...
2024-11-02 12:59:21,153 - ERROR - An error occurred during inference: "['Churn'] not in index"
2024-11-02 12:59:21,154 - INFO - Inference result: (None, None)
2024-11-02 12:59:21,154 - INFO - Inference process completed.
2024-11-02 12:59:48,939 - INFO - Logging setup complete.
2024-11-02 12:59:48,953 - INFO - Starting the training process...
2024-11-02 12:59:48,953 - INFO - Starting data processing...
2024-11-02 12:59:49,158 - INFO - Data processed and saved to /home/ayoub/Desktop/churn_prediction/data/processed/churn_processed.csv.
2024-11-02 12:59:49,175 - INFO - Starting model training...
2024-11-02 12:59:49,176 - INFO - Starting Bayesian search for the best model...
2024-11-02 12:59:55,568 - INFO - Training the best model...
2024-11-02 12:59:55,924 - INFO - Predicting on the test data...
2024-11-02 12:59:56,002 - INFO - Evaluating the model...
2024-11-02 12:59:56,055 - INFO - Writing evaluation results to /home/ayoub/Desktop/churn_prediction/results/evaluation_results...
2024-11-02 12:59:56,079 - INFO - Plotting metrics and saving to /home/ayoub/Desktop/churn_prediction/results/evaluation_results...
2024-11-02 13:00:00,893 - INFO - Saving the trained model to /home/ayoub/Desktop/churn_prediction/results/pretrained_models/trained_model.joblib...
2024-11-02 13:00:00,964 - INFO - Training pipeline completed successfully.
2024-11-02 13:00:00,964 - INFO - Model training complete and saved.
2024-11-02 13:00:00,964 - INFO - Training process completed.
2024-11-02 13:00:00,965 - INFO - Starting the inference process...
2024-11-02 13:00:00,965 - INFO - Loading model from /home/ayoub/Desktop/churn_prediction/results/pretrained_models/trained_model.joblib...
2024-11-02 13:00:01,048 - INFO - Loading scaler from /home/ayoub/Desktop/churn_prediction/results/scaler.pkl...
2024-11-02 13:00:01,049 - INFO - Loading inference data from /home/ayoub/Desktop/churn_prediction/data/inference/churn_inference.csv...
2024-11-02 13:00:01,065 - INFO - Cleaning and preparing the data for inference...
2024-11-02 13:00:01,071 - ERROR - An error occurred during inference: "['Churn'] not in index"
2024-11-02 13:00:01,072 - INFO - Inference result: (None, None)
2024-11-02 13:00:01,072 - INFO - Inference process completed.
2024-11-02 13:26:06,140 - INFO - Logging setup complete.
2024-11-02 13:26:06,147 - INFO - Starting the training process...
2024-11-02 13:26:06,147 - INFO - Starting data processing...
2024-11-02 13:26:06,431 - INFO - Data processed and saved to /home/ayoub/Desktop/churn_prediction/data/processed/churn_processed.csv.
2024-11-02 13:26:06,465 - INFO - Starting model training...
2024-11-02 13:26:06,465 - INFO - Starting Bayesian search for the best model...
2024-11-02 13:26:20,243 - INFO - Training the best model...
2024-11-02 13:26:20,624 - INFO - Predicting on the test data...
2024-11-02 13:26:20,704 - INFO - Evaluating the model...
2024-11-02 13:26:20,816 - INFO - Writing evaluation results to /home/ayoub/Desktop/churn_prediction/results/evaluation_results...
2024-11-02 13:26:20,849 - INFO - Plotting metrics and saving to /home/ayoub/Desktop/churn_prediction/results/evaluation_results...
2024-11-02 13:26:27,089 - INFO - Saving the trained model to /home/ayoub/Desktop/churn_prediction/results/pretrained_models/trained_model.joblib...
2024-11-02 13:26:27,159 - INFO - Training pipeline completed successfully.
2024-11-02 13:26:27,159 - INFO - Model training complete and saved.
2024-11-02 13:26:27,160 - INFO - Training process completed.
2024-11-02 13:26:27,160 - INFO - Starting the inference process...
2024-11-02 13:26:27,185 - INFO - Loading model from /home/ayoub/Desktop/churn_prediction/results/pretrained_models/trained_model.joblib...
2024-11-02 13:26:27,342 - INFO - Loading scaler from /home/ayoub/Desktop/churn_prediction/results/scaler.pkl...
2024-11-02 13:26:27,355 - INFO - Loading inference data from /home/ayoub/Desktop/churn_prediction/data/inference/churn_inference.csv...
2024-11-02 13:26:27,370 - INFO - Cleaning and preparing the data for inference...
2024-11-02 13:26:27,377 - ERROR - An error occurred during inference: "['Churn'] not in index"
2024-11-02 13:26:27,377 - INFO - Inference result: (None, None)
2024-11-02 13:26:27,377 - INFO - Inference process completed.
2024-11-02 13:36:32,319 - INFO - Logging setup complete.
2024-11-02 13:36:32,320 - INFO - Starting the training process...
2024-11-02 13:36:32,320 - INFO - Starting data processing...
2024-11-02 13:36:32,491 - INFO - Data processed and saved to /home/ayoub/Desktop/churn_prediction/data/processed/churn_processed.csv.
2024-11-02 13:36:32,510 - INFO - Starting model training...
2024-11-02 13:36:32,511 - INFO - Starting Bayesian search for the best model...
2024-11-02 13:36:42,428 - INFO - Training the best model...
2024-11-02 13:36:42,793 - INFO - Predicting on the test data...
2024-11-02 13:36:42,868 - INFO - Evaluating the model...
2024-11-02 13:36:42,901 - INFO - Writing evaluation results to /home/ayoub/Desktop/churn_prediction/results/evaluation_results...
2024-11-02 13:36:42,977 - INFO - Plotting metrics and saving to /home/ayoub/Desktop/churn_prediction/results/evaluation_results...
2024-11-02 13:36:47,861 - INFO - Saving the trained model to /home/ayoub/Desktop/churn_prediction/results/pretrained_models/trained_model.joblib...
2024-11-02 13:36:47,931 - INFO - Training pipeline completed successfully.
2024-11-02 13:36:47,931 - INFO - Model training complete and saved.
2024-11-02 13:36:47,931 - INFO - Training process completed.
2024-11-02 13:36:47,932 - INFO - Starting the inference process...
2024-11-02 13:36:47,958 - INFO - Loading model from /home/ayoub/Desktop/churn_prediction/results/pretrained_models/trained_model.joblib...
2024-11-02 13:36:48,061 - INFO - Loading scaler from /home/ayoub/Desktop/churn_prediction/results/scaler.pkl...
2024-11-02 13:36:48,069 - INFO - Loading inference data from /home/ayoub/Desktop/churn_prediction/data/inference/churn_inference.csv...
2024-11-02 13:36:48,080 - INFO - Cleaning and preparing the data for inference...
2024-11-02 13:36:48,087 - ERROR - An error occurred during inference: "['Churn'] not in index"
2024-11-02 13:36:48,088 - INFO - Inference result: (None, None)
2024-11-02 13:36:48,088 - INFO - Inference process completed.
2024-11-02 13:52:42,758 - INFO - Logging setup complete.
2024-11-02 13:52:42,827 - INFO - Starting the training process...
2024-11-02 13:52:42,828 - INFO - Starting data processing...
2024-11-02 13:52:43,036 - INFO - Data processed and saved to /home/ayoub/Desktop/churn_prediction/data/processed/churn_processed.csv.
2024-11-02 13:52:43,081 - INFO - Starting model training...
2024-11-02 13:52:43,081 - INFO - Starting Bayesian search for the best model...
2024-11-02 13:53:02,541 - INFO - Training the best model...
2024-11-02 13:53:02,906 - INFO - Predicting on the test data...
2024-11-02 13:53:02,985 - INFO - Evaluating the model...
2024-11-02 13:53:03,058 - INFO - Writing evaluation results to /home/ayoub/Desktop/churn_prediction/results/evaluation_results...
2024-11-02 13:53:03,142 - INFO - Plotting metrics and saving to /home/ayoub/Desktop/churn_prediction/results/evaluation_results...
2024-11-02 13:53:13,551 - INFO - Saving the trained model to /home/ayoub/Desktop/churn_prediction/results/pretrained_models/trained_model.joblib...
2024-11-02 13:53:13,761 - INFO - Training pipeline completed successfully.
2024-11-02 13:53:13,761 - INFO - Model training complete and saved.
2024-11-02 13:53:13,761 - INFO - Training process completed.
2024-11-02 13:53:13,761 - INFO - Starting the inference process...
2024-11-02 13:53:13,923 - INFO - Loading model from /home/ayoub/Desktop/churn_prediction/results/pretrained_models/trained_model.joblib...
2024-11-02 13:53:14,278 - INFO - Loading scaler from /home/ayoub/Desktop/churn_prediction/results/scaler.pkl...
2024-11-02 13:53:14,331 - INFO - Loading inference data from /home/ayoub/Desktop/churn_prediction/data/inference/churn_inference.csv...
2024-11-02 13:53:14,584 - INFO - Cleaning and preparing the data for inference...
2024-11-02 13:53:14,934 - INFO - Scaling numerical columns: ['TotalCharges']...
2024-11-02 13:53:14,938 - INFO - Making predictions...
2024-11-02 13:53:15,161 - INFO - Inference completed successfully.
2024-11-02 13:53:15,162 - INFO - Inference result: (array([1, 0, 0, 0, 1, 0, 1, 0, 0, 0]), array([0.52821013, 0.4743961 , 0.43596019, 0.48050156, 0.51129927,
       0.42195461, 0.50920687, 0.48770019, 0.45355476, 0.48342027]))
2024-11-02 13:53:15,162 - INFO - Inference process completed.
2024-11-02 14:01:34,207 - INFO - Logging setup complete.
2024-11-02 14:01:34,207 - INFO - Starting the training process...
2024-11-02 14:01:34,207 - INFO - Starting data processing...
2024-11-02 14:01:34,377 - INFO - Data processed and saved to /home/ayoub/Desktop/churn_prediction/data/processed/churn_processed.csv.
2024-11-02 14:01:34,394 - INFO - Starting model training...
2024-11-02 14:01:34,394 - INFO - Starting Bayesian search for the best model...
2024-11-02 14:01:49,542 - INFO - Training the best model...
2024-11-02 14:01:49,972 - INFO - Predicting on the test data...
2024-11-02 14:01:50,061 - INFO - Evaluating the model...
2024-11-02 14:01:50,312 - INFO - Writing evaluation results to /home/ayoub/Desktop/churn_prediction/results/evaluation_results...
2024-11-02 14:01:50,456 - INFO - Plotting metrics and saving to /home/ayoub/Desktop/churn_prediction/results/evaluation_results...
2024-11-02 14:02:01,078 - INFO - Saving the trained model to /home/ayoub/Desktop/churn_prediction/results/pretrained_models/trained_model.joblib...
2024-11-02 14:02:01,157 - INFO - Training pipeline completed successfully.
2024-11-02 14:02:01,157 - INFO - Model training complete and saved.
2024-11-02 14:02:01,157 - INFO - Training process completed.
2024-11-02 14:02:01,157 - INFO - Starting the inference process...
2024-11-02 14:02:01,188 - INFO - Loading model from /home/ayoub/Desktop/churn_prediction/results/pretrained_models/trained_model.joblib...
2024-11-02 14:02:01,332 - INFO - Loading scaler from /home/ayoub/Desktop/churn_prediction/results/scaler.pkl...
2024-11-02 14:02:01,344 - INFO - Loading inference data from /home/ayoub/Desktop/churn_prediction/data/inference/churn_inference.csv...
2024-11-02 14:02:01,370 - INFO - Cleaning and preparing the data for inference...
2024-11-02 14:02:01,447 - INFO - Scaling numerical columns: ['TotalCharges']...
2024-11-02 14:02:01,449 - INFO - Making predictions...
2024-11-02 14:02:01,554 - INFO - Inference completed successfully.
2024-11-02 14:02:01,555 - INFO - Inference result: (array([1, 0, 0, 0, 1, 0, 1, 0, 0, 0]), array([0.52821013, 0.4743961 , 0.43596019, 0.48050156, 0.51129927,
       0.42195461, 0.50920687, 0.48770019, 0.45355476, 0.48342027]))
2024-11-02 14:02:01,556 - INFO - Inference process completed.
2024-11-02 14:08:46,542 - INFO - Logging setup complete.
2024-11-02 14:08:46,570 - INFO - Starting the training process...
2024-11-02 14:08:46,571 - INFO - Starting data processing...
2024-11-02 14:08:46,737 - INFO - Data processed and saved to /home/ayoub/Desktop/churn_prediction/data/processed/churn_processed.csv.
2024-11-02 14:08:46,767 - INFO - Starting model training...
2024-11-02 14:08:46,767 - INFO - Starting Bayesian search for the best model...
2024-11-02 14:08:55,607 - INFO - Training the best model...
2024-11-02 14:08:55,963 - INFO - Predicting on the test data...
2024-11-02 14:08:56,039 - INFO - Evaluating the model...
2024-11-02 14:08:56,058 - INFO - Writing evaluation results to /home/ayoub/Desktop/churn_prediction/results/evaluation_results...
2024-11-02 14:08:56,123 - INFO - Plotting metrics and saving to /home/ayoub/Desktop/churn_prediction/results/evaluation_results...
2024-11-02 14:09:01,898 - INFO - Saving the trained model to /home/ayoub/Desktop/churn_prediction/results/pretrained_models/trained_model.joblib...
2024-11-02 14:09:01,958 - INFO - Training pipeline completed successfully.
2024-11-02 14:09:01,958 - INFO - Model training complete and saved.
2024-11-02 14:09:01,959 - INFO - Training process completed.
2024-11-02 14:09:01,959 - INFO - Starting the inference process...
2024-11-02 14:09:01,993 - INFO - Loading model from /home/ayoub/Desktop/churn_prediction/results/pretrained_models/trained_model.joblib...
2024-11-02 14:09:02,272 - INFO - Loading scaler from /home/ayoub/Desktop/churn_prediction/results/scaler.pkl...
2024-11-02 14:09:02,292 - INFO - Loading inference data from /home/ayoub/Desktop/churn_prediction/data/inference/churn_inference.csv...
2024-11-02 14:09:02,315 - INFO - Cleaning and preparing the data for inference...
2024-11-02 14:09:02,333 - INFO - Scaling numerical columns: ['TotalCharges']...
2024-11-02 14:09:02,337 - INFO - Making predictions...
2024-11-02 14:09:02,406 - INFO - Inference completed successfully.
2024-11-02 14:09:02,407 - INFO - Inference result: (array([1, 0, 0, 0, 1, 0, 1, 0, 0, 0]), array([0.52821013, 0.4743961 , 0.43596019, 0.48050156, 0.51129927,
       0.42195461, 0.50920687, 0.48770019, 0.45355476, 0.48342027]))
2024-11-02 14:09:02,407 - INFO - Inference process completed.
2024-11-02 14:22:03,597 - INFO - Logging setup complete.
2024-11-02 14:22:03,602 - INFO - Starting the training process...
2024-11-02 14:22:03,603 - INFO - Starting data processing...
2024-11-02 14:22:04,116 - INFO - Data processed and saved to /home/ayoub/Desktop/churn_prediction/data/processed/churn_processed.csv.
2024-11-02 14:22:04,155 - INFO - Starting model training...
2024-11-02 14:22:04,155 - INFO - Starting Bayesian search for the best model...
2024-11-02 14:22:15,453 - INFO - Training the best model...
2024-11-02 14:22:15,838 - INFO - Predicting on the test data...
2024-11-02 14:22:15,921 - INFO - Evaluating the model...
2024-11-02 14:22:15,973 - INFO - Writing evaluation results to /home/ayoub/Desktop/churn_prediction/results/evaluation_results...
2024-11-02 14:22:16,207 - INFO - Plotting metrics and saving to /home/ayoub/Desktop/churn_prediction/results/evaluation_results...
2024-11-02 14:22:22,058 - INFO - Saving the trained model to /home/ayoub/Desktop/churn_prediction/results/pretrained_models/trained_model.joblib...
2024-11-02 14:22:22,143 - INFO - Training pipeline completed successfully.
2024-11-02 14:22:22,143 - INFO - Model training complete and saved.
2024-11-02 14:22:22,143 - INFO - Training process completed.
2024-11-02 14:22:22,143 - INFO - Starting the inference process...
2024-11-02 14:22:22,179 - INFO - Loading model from /home/ayoub/Desktop/churn_prediction/results/pretrained_models/trained_model.joblib...
2024-11-02 14:22:22,494 - INFO - Loading scaler from /home/ayoub/Desktop/churn_prediction/results/scaler.pkl...
2024-11-02 14:22:22,504 - INFO - Loading inference data from /home/ayoub/Desktop/churn_prediction/data/inference/churn_inference.csv...
2024-11-02 14:22:22,536 - INFO - Cleaning and preparing the data for inference...
2024-11-02 14:22:22,783 - INFO - Scaling numerical columns: ['TotalCharges']...
2024-11-02 14:22:22,788 - INFO - Making predictions...
2024-11-02 14:22:22,878 - INFO - Inference completed successfully.
2024-11-02 14:22:22,879 - INFO - Inference result: (array([1, 0, 0, 0, 1, 0, 1, 0, 0, 0]), array([0.52821013, 0.4743961 , 0.43596019, 0.48050156, 0.51129927,
       0.42195461, 0.50920687, 0.48770019, 0.45355476, 0.48342027]))
2024-11-02 14:22:22,879 - INFO - Inference process completed.
2024-11-02 14:33:06,498 - INFO - Logging setup complete.
2024-11-02 14:33:06,644 - INFO - Starting the training process...
2024-11-02 14:33:06,645 - INFO - Starting data processing...
2024-11-02 14:33:07,388 - INFO - Data processed and saved to /home/ayoub/Desktop/churn_prediction/data/processed/churn_processed.csv.
2024-11-02 14:33:07,462 - INFO - Starting model training...
2024-11-02 14:33:07,462 - INFO - Starting Bayesian search for the best model...
2024-11-02 14:33:35,083 - INFO - Training the best model...
2024-11-02 14:33:35,467 - INFO - Predicting on the test data...
2024-11-02 14:33:35,749 - INFO - Evaluating the model...
2024-11-02 14:33:36,363 - INFO - Writing evaluation results to /home/ayoub/Desktop/churn_prediction/results/evaluation_results...
2024-11-02 14:33:37,012 - INFO - Plotting metrics and saving to /home/ayoub/Desktop/churn_prediction/results/evaluation_results...
2024-11-02 14:33:47,276 - INFO - Saving the trained model to /home/ayoub/Desktop/churn_prediction/results/pretrained_models/trained_model.joblib...
2024-11-02 14:33:47,359 - INFO - Training pipeline completed successfully.
2024-11-02 14:33:47,359 - INFO - Model training complete and saved.
2024-11-02 14:33:47,359 - INFO - Training process completed.
2024-11-02 14:33:47,359 - INFO - Starting the inference process...
2024-11-02 14:33:47,500 - INFO - Loading model from /home/ayoub/Desktop/churn_prediction/results/pretrained_models/trained_model.joblib...
2024-11-02 14:33:47,982 - INFO - Loading scaler from /home/ayoub/Desktop/churn_prediction/results/scaler.pkl...
2024-11-02 14:33:48,000 - INFO - Loading inference data from /home/ayoub/Desktop/churn_prediction/data/inference/churn_inference.csv...
2024-11-02 14:33:48,310 - INFO - Cleaning and preparing the data for inference...
2024-11-02 14:33:48,647 - INFO - Scaling numerical columns: ['TotalCharges']...
2024-11-02 14:33:48,651 - INFO - Making predictions...
2024-11-02 14:33:48,814 - INFO - Inference completed successfully.
2024-11-02 14:33:48,817 - INFO - Inference result: (array([1, 0, 0, 0, 1, 0, 1, 0, 0, 0]), array([0.52821013, 0.4743961 , 0.43596019, 0.48050156, 0.51129927,
       0.42195461, 0.50920687, 0.48770019, 0.45355476, 0.48342027]))
2024-11-02 14:33:48,818 - INFO - Inference process completed.
2024-11-02 14:43:18,276 - INFO - Logging setup complete.
2024-11-02 14:43:18,394 - INFO - Starting the training process...
2024-11-02 14:43:18,395 - INFO - Starting data processing...
2024-11-02 14:43:18,926 - INFO - Data processed and saved to /home/ayoub/Desktop/churn_prediction/data/processed/churn_processed.csv.
2024-11-02 14:43:18,988 - INFO - Starting model training...
2024-11-02 14:43:18,988 - INFO - Starting Bayesian search for the best model...
2024-11-02 14:43:36,309 - INFO - Training the best model...
2024-11-02 14:43:36,795 - INFO - Predicting on the test data...
2024-11-02 14:43:36,874 - INFO - Evaluating the model...
2024-11-02 14:43:37,370 - INFO - Writing evaluation results to /home/ayoub/Desktop/churn_prediction/results/evaluation_results...
2024-11-02 14:43:37,589 - INFO - Plotting metrics and saving to /home/ayoub/Desktop/churn_prediction/results/evaluation_results...
2024-11-02 14:43:50,871 - INFO - Saving the trained model to /home/ayoub/Desktop/churn_prediction/results/pretrained_models/trained_model.joblib...
2024-11-02 14:43:51,080 - INFO - Training pipeline completed successfully.
2024-11-02 14:43:51,081 - INFO - Model training complete and saved.
2024-11-02 14:43:51,081 - INFO - Training process completed.
2024-11-02 14:43:51,081 - INFO - Starting the inference process...
2024-11-02 14:43:51,147 - INFO - Loading model from /home/ayoub/Desktop/churn_prediction/results/pretrained_models/trained_model.joblib...
2024-11-02 14:43:51,281 - INFO - Loading scaler from /home/ayoub/Desktop/churn_prediction/results/scaler.pkl...
2024-11-02 14:43:51,323 - INFO - Loading inference data from /home/ayoub/Desktop/churn_prediction/data/inference/churn_inference.csv...
2024-11-02 14:43:51,514 - INFO - Cleaning and preparing the data for inference...
2024-11-02 14:43:51,908 - INFO - Scaling numerical columns: ['TotalCharges']...
2024-11-02 14:43:51,911 - INFO - Making predictions...
2024-11-02 14:43:52,049 - INFO - Inference completed successfully.
2024-11-02 14:43:52,053 - INFO - Inference result: (array([1, 0, 0, 0, 1, 0, 1, 0, 0, 0]), array([0.52821013, 0.4743961 , 0.43596019, 0.48050156, 0.51129927,
       0.42195461, 0.50920687, 0.48770019, 0.45355476, 0.48342027]))
2024-11-02 14:43:52,054 - INFO - Inference process completed.
2024-11-08 10:59:52,037 - INFO - Logging setup complete.
2024-11-08 10:59:52,044 - INFO - Starting the training process...
2024-11-08 10:59:52,044 - INFO - Starting data processing...
2024-11-08 10:59:52,325 - INFO - Data processed and saved to /home/ayoub/Desktop/churn_prediction/data/processed/churn_processed.csv.
2024-11-08 10:59:52,336 - INFO - Starting model training...
2024-11-08 10:59:52,336 - INFO - Starting Bayesian search for the best model...
2024-11-08 11:24:41,207 - INFO - Training the best model...
2024-11-08 11:24:42,155 - INFO - Predicting on the test data...
2024-11-08 11:24:42,332 - INFO - Evaluating the model...
2024-11-08 11:24:42,350 - INFO - Writing evaluation results to /home/ayoub/Desktop/churn_prediction/results/evaluation_results...
2024-11-08 11:24:42,393 - INFO - Plotting metrics and saving to /home/ayoub/Desktop/churn_prediction/results/evaluation_results...
2024-11-08 11:24:43,530 - INFO - Saving the trained model to /home/ayoub/Desktop/churn_prediction/results/pretrained_models/trained_model.joblib...
2024-11-08 11:24:43,663 - INFO - Training pipeline completed successfully.
2024-11-08 11:24:43,663 - INFO - Model training complete and saved.
2024-11-08 11:24:43,664 - INFO - Training process completed.
2024-11-08 11:24:43,664 - INFO - Starting the inference process...
2024-11-08 11:24:43,664 - INFO - Loading model from /home/ayoub/Desktop/churn_prediction/results/pretrained_models/trained_model.joblib...
2024-11-08 11:24:43,851 - INFO - Loading scaler from /home/ayoub/Desktop/churn_prediction/results/scaler.pkl...
2024-11-08 11:24:43,852 - INFO - Loading inference data from /home/ayoub/Desktop/churn_prediction/data/inference/churn_inference.csv...
2024-11-08 11:24:43,865 - INFO - Cleaning and preparing the data for inference...
2024-11-08 11:24:43,887 - INFO - Scaling numerical columns: ['TotalCharges']...
2024-11-08 11:24:43,889 - INFO - Making predictions...
2024-11-08 11:24:43,976 - INFO - Inference completed successfully.
2024-11-08 11:24:43,977 - INFO - Inference result: (array([1, 0, 0, 0, 1, 0, 1, 0, 0, 0]), array([0.55931163, 0.46142619, 0.36837839, 0.46889095, 0.52790652,
       0.37797829, 0.51050268, 0.48948356, 0.39787917, 0.47519342]))
2024-11-08 11:24:43,977 - INFO - Inference process completed.
